This is pdfTeX, Version 3.14159265-2.6-1.40.18 (TeX Live 2017/Debian) (preloaded format=pdftex 2020.12.2)  2 DEC 2020 15:20
entering extended mode
 restricted \write18 enabled.
 %&-line parsing enabled.
**gr1.tex
(./gr1.tex
! Undefined control sequence.
l.1 \documentclass
                  {article}
? 
! Undefined control sequence.
l.2 \begin
          {document}
? 
! Undefined control sequence.
l.3 $$(1.000000 + 2.000000 - 3.000000) \cdot \frac
                                                  {0.000000 - 5.000000}{3.00...

? 
[1{/var/lib/texmf/fonts/map/pdftex/updmap/pdftex.map}] )</usr/share/texlive/tex
mf-dist/fonts/type1/public/amsfonts/cm/cmmi10.pfb></usr/share/texlive/texmf-dis
t/fonts/type1/public/amsfonts/cm/cmr10.pfb></usr/share/texlive/texmf-dist/fonts
/type1/public/amsfonts/cm/cmsy10.pfb>
Output written on gr1.pdf (1 page, 28284 bytes).
PDF statistics:
 20 PDF objects out of 1000 (max. 8388607)
 13 compressed objects within 1 object stream
 0 named destinations out of 1000 (max. 500000)
 1 words of extra memory for PDF output out of 10000 (max. 10000000)

